[2020-10-30 08:00:27,252] INFO [GroupCoordinator 0]: Member[group.instance.id None, member.id consumer-main-listener-1-a27d4903-196c-498c-a244-5469848b59c4] in group main-listener has left, removing it from the group (kafka.coordinator.group.GroupCoordinator)
[2020-10-30 08:00:27,261] INFO [GroupCoordinator 0]: Preparing to rebalance group main-listener in state PreparingRebalance with old generation 23 (__consumer_offsets-42) (reason: removing member consumer-main-listener-1-a27d4903-196c-498c-a244-5469848b59c4 on LeaveGroup) (kafka.coordinator.group.GroupCoordinator)
[2020-10-30 08:00:27,261] INFO [GroupCoordinator 0]: Group main-listener with generation 24 is now empty (__consumer_offsets-42) (kafka.coordinator.group.GroupCoordinator)
[2020-10-30 08:00:38,966] INFO [GroupCoordinator 0]: Preparing to rebalance group main-listener in state PreparingRebalance with old generation 24 (__consumer_offsets-42) (reason: Adding new member consumer-main-listener-1-2f28d96b-8d63-4ac8-b283-c276f3837d9a with group instance id None) (kafka.coordinator.group.GroupCoordinator)
[2020-10-30 08:00:38,969] INFO [GroupCoordinator 0]: Stabilized group main-listener generation 25 (__consumer_offsets-42) (kafka.coordinator.group.GroupCoordinator)
[2020-10-30 08:00:38,975] INFO [GroupCoordinator 0]: Assignment received from leader for group main-listener for generation 25 (kafka.coordinator.group.GroupCoordinator)
[2020-10-30 08:01:28,981] INFO [GroupCoordinator 0]: Member[group.instance.id None, member.id consumer-main-listener-1-2f28d96b-8d63-4ac8-b283-c276f3837d9a] in group main-listener has left, removing it from the group (kafka.coordinator.group.GroupCoordinator)
[2020-10-30 08:01:28,982] INFO [GroupCoordinator 0]: Preparing to rebalance group main-listener in state PreparingRebalance with old generation 25 (__consumer_offsets-42) (reason: removing member consumer-main-listener-1-2f28d96b-8d63-4ac8-b283-c276f3837d9a on LeaveGroup) (kafka.coordinator.group.GroupCoordinator)
[2020-10-30 08:01:28,983] INFO [GroupCoordinator 0]: Group main-listener with generation 26 is now empty (__consumer_offsets-42) (kafka.coordinator.group.GroupCoordinator)
[2020-10-30 08:01:39,641] INFO [GroupCoordinator 0]: Preparing to rebalance group main-listener in state PreparingRebalance with old generation 26 (__consumer_offsets-42) (reason: Adding new member consumer-main-listener-1-812da595-6356-4a31-9cc5-c4506e983768 with group instance id None) (kafka.coordinator.group.GroupCoordinator)
[2020-10-30 08:01:39,641] INFO [GroupCoordinator 0]: Stabilized group main-listener generation 27 (__consumer_offsets-42) (kafka.coordinator.group.GroupCoordinator)
[2020-10-30 08:01:39,645] INFO [GroupCoordinator 0]: Assignment received from leader for group main-listener for generation 27 (kafka.coordinator.group.GroupCoordinator)
[2020-10-30 08:02:59,607] INFO [GroupCoordinator 0]: Member[group.instance.id None, member.id consumer-main-listener-1-812da595-6356-4a31-9cc5-c4506e983768] in group main-listener has left, removing it from the group (kafka.coordinator.group.GroupCoordinator)
[2020-10-30 08:02:59,609] INFO [GroupCoordinator 0]: Preparing to rebalance group main-listener in state PreparingRebalance with old generation 27 (__consumer_offsets-42) (reason: removing member consumer-main-listener-1-812da595-6356-4a31-9cc5-c4506e983768 on LeaveGroup) (kafka.coordinator.group.GroupCoordinator)
[2020-10-30 08:02:59,610] INFO [GroupCoordinator 0]: Group main-listener with generation 28 is now empty (__consumer_offsets-42) (kafka.coordinator.group.GroupCoordinator)
[2020-10-30 08:03:10,328] INFO [GroupCoordinator 0]: Preparing to rebalance group main-listener in state PreparingRebalance with old generation 28 (__consumer_offsets-42) (reason: Adding new member consumer-main-listener-1-7ef06a3f-202d-4bb3-a458-d2e83f4662a6 with group instance id None) (kafka.coordinator.group.GroupCoordinator)
[2020-10-30 08:03:10,328] INFO [GroupCoordinator 0]: Stabilized group main-listener generation 29 (__consumer_offsets-42) (kafka.coordinator.group.GroupCoordinator)
[2020-10-30 08:03:10,332] INFO [GroupCoordinator 0]: Assignment received from leader for group main-listener for generation 29 (kafka.coordinator.group.GroupCoordinator)
[2020-10-30 08:04:31,842] INFO [GroupMetadataManager brokerId=0] Removed 0 expired offsets in 2 milliseconds. (kafka.coordinator.group.GroupMetadataManager)
[2020-10-30 08:14:31,862] INFO [GroupMetadataManager brokerId=0] Removed 0 expired offsets in 2 milliseconds. (kafka.coordinator.group.GroupMetadataManager)
[2020-10-30 08:19:23,783] INFO [GroupCoordinator 0]: Member[group.instance.id None, member.id consumer-main-listener-1-7ef06a3f-202d-4bb3-a458-d2e83f4662a6] in group main-listener has left, removing it from the group (kafka.coordinator.group.GroupCoordinator)
[2020-10-30 08:19:23,785] INFO [GroupCoordinator 0]: Preparing to rebalance group main-listener in state PreparingRebalance with old generation 29 (__consumer_offsets-42) (reason: removing member consumer-main-listener-1-7ef06a3f-202d-4bb3-a458-d2e83f4662a6 on LeaveGroup) (kafka.coordinator.group.GroupCoordinator)
[2020-10-30 08:19:23,785] INFO [GroupCoordinator 0]: Group main-listener with generation 30 is now empty (__consumer_offsets-42) (kafka.coordinator.group.GroupCoordinator)
[2020-10-30 08:19:35,610] INFO [GroupCoordinator 0]: Preparing to rebalance group main-listener in state PreparingRebalance with old generation 30 (__consumer_offsets-42) (reason: Adding new member consumer-main-listener-1-82ab700d-72a4-41a6-9bc7-97c52a03952a with group instance id None) (kafka.coordinator.group.GroupCoordinator)
[2020-10-30 08:19:35,614] INFO [GroupCoordinator 0]: Stabilized group main-listener generation 31 (__consumer_offsets-42) (kafka.coordinator.group.GroupCoordinator)
[2020-10-30 08:19:35,620] INFO [GroupCoordinator 0]: Assignment received from leader for group main-listener for generation 31 (kafka.coordinator.group.GroupCoordinator)
[2020-10-30 08:19:53,639] INFO [GroupCoordinator 0]: Member[group.instance.id None, member.id consumer-main-listener-1-82ab700d-72a4-41a6-9bc7-97c52a03952a] in group main-listener has left, removing it from the group (kafka.coordinator.group.GroupCoordinator)
[2020-10-30 08:19:53,641] INFO [GroupCoordinator 0]: Preparing to rebalance group main-listener in state PreparingRebalance with old generation 31 (__consumer_offsets-42) (reason: removing member consumer-main-listener-1-82ab700d-72a4-41a6-9bc7-97c52a03952a on LeaveGroup) (kafka.coordinator.group.GroupCoordinator)
[2020-10-30 08:19:53,642] INFO [GroupCoordinator 0]: Group main-listener with generation 32 is now empty (__consumer_offsets-42) (kafka.coordinator.group.GroupCoordinator)
[2020-10-30 08:20:04,678] INFO [GroupCoordinator 0]: Preparing to rebalance group main-listener in state PreparingRebalance with old generation 32 (__consumer_offsets-42) (reason: Adding new member consumer-main-listener-1-ed29b7d9-13b8-4770-ba8c-d1788a5af9e8 with group instance id None) (kafka.coordinator.group.GroupCoordinator)
[2020-10-30 08:20:04,679] INFO [GroupCoordinator 0]: Stabilized group main-listener generation 33 (__consumer_offsets-42) (kafka.coordinator.group.GroupCoordinator)
[2020-10-30 08:20:04,695] INFO [GroupCoordinator 0]: Assignment received from leader for group main-listener for generation 33 (kafka.coordinator.group.GroupCoordinator)
[2020-10-30 08:20:32,939] INFO [GroupCoordinator 0]: Member[group.instance.id None, member.id consumer-main-listener-1-ed29b7d9-13b8-4770-ba8c-d1788a5af9e8] in group main-listener has left, removing it from the group (kafka.coordinator.group.GroupCoordinator)
[2020-10-30 08:20:32,939] INFO [GroupCoordinator 0]: Preparing to rebalance group main-listener in state PreparingRebalance with old generation 33 (__consumer_offsets-42) (reason: removing member consumer-main-listener-1-ed29b7d9-13b8-4770-ba8c-d1788a5af9e8 on LeaveGroup) (kafka.coordinator.group.GroupCoordinator)
[2020-10-30 08:20:32,939] INFO [GroupCoordinator 0]: Group main-listener with generation 34 is now empty (__consumer_offsets-42) (kafka.coordinator.group.GroupCoordinator)
[2020-10-30 08:20:44,728] INFO [GroupCoordinator 0]: Preparing to rebalance group main-listener in state PreparingRebalance with old generation 34 (__consumer_offsets-42) (reason: Adding new member consumer-main-listener-1-d17f4428-1624-445f-a9f7-093eb30cb280 with group instance id None) (kafka.coordinator.group.GroupCoordinator)
[2020-10-30 08:20:44,731] INFO [GroupCoordinator 0]: Stabilized group main-listener generation 35 (__consumer_offsets-42) (kafka.coordinator.group.GroupCoordinator)
[2020-10-30 08:20:44,738] INFO [GroupCoordinator 0]: Assignment received from leader for group main-listener for generation 35 (kafka.coordinator.group.GroupCoordinator)
[2020-10-30 08:24:00,038] INFO [GroupCoordinator 0]: Member[group.instance.id None, member.id consumer-main-listener-1-d17f4428-1624-445f-a9f7-093eb30cb280] in group main-listener has left, removing it from the group (kafka.coordinator.group.GroupCoordinator)
[2020-10-30 08:24:00,040] INFO [GroupCoordinator 0]: Preparing to rebalance group main-listener in state PreparingRebalance with old generation 35 (__consumer_offsets-42) (reason: removing member consumer-main-listener-1-d17f4428-1624-445f-a9f7-093eb30cb280 on LeaveGroup) (kafka.coordinator.group.GroupCoordinator)
[2020-10-30 08:24:00,040] INFO [GroupCoordinator 0]: Group main-listener with generation 36 is now empty (__consumer_offsets-42) (kafka.coordinator.group.GroupCoordinator)
[2020-10-30 08:24:14,624] INFO [GroupCoordinator 0]: Preparing to rebalance group main-listener in state PreparingRebalance with old generation 36 (__consumer_offsets-42) (reason: Adding new member consumer-main-listener-1-b269ec44-3fc5-454b-a68d-668de1c225e0 with group instance id None) (kafka.coordinator.group.GroupCoordinator)
[2020-10-30 08:24:14,626] INFO [GroupCoordinator 0]: Stabilized group main-listener generation 37 (__consumer_offsets-42) (kafka.coordinator.group.GroupCoordinator)
[2020-10-30 08:24:14,646] INFO [GroupCoordinator 0]: Assignment received from leader for group main-listener for generation 37 (kafka.coordinator.group.GroupCoordinator)
[2020-10-30 08:24:31,878] INFO [GroupMetadataManager brokerId=0] Removed 0 expired offsets in 1 milliseconds. (kafka.coordinator.group.GroupMetadataManager)
[2020-10-30 08:32:42,794] INFO [GroupCoordinator 0]: Member[group.instance.id None, member.id consumer-main-listener-1-b269ec44-3fc5-454b-a68d-668de1c225e0] in group main-listener has left, removing it from the group (kafka.coordinator.group.GroupCoordinator)
[2020-10-30 08:32:42,797] INFO [GroupCoordinator 0]: Preparing to rebalance group main-listener in state PreparingRebalance with old generation 37 (__consumer_offsets-42) (reason: removing member consumer-main-listener-1-b269ec44-3fc5-454b-a68d-668de1c225e0 on LeaveGroup) (kafka.coordinator.group.GroupCoordinator)
[2020-10-30 08:32:42,797] INFO [GroupCoordinator 0]: Group main-listener with generation 38 is now empty (__consumer_offsets-42) (kafka.coordinator.group.GroupCoordinator)
[2020-10-30 08:34:31,894] INFO [GroupMetadataManager brokerId=0] Removed 0 expired offsets in 2 milliseconds. (kafka.coordinator.group.GroupMetadataManager)
